<?xml version="1.0" encoding="UTF-8"?>
<testsuite name="com.example.glidefirebase.ExampleUnitTest" tests="1" skipped="0" failures="0" errors="0" timestamp="2021-03-22T14:36:25" hostname="UX550" time="0.003">
  <properties/>
  <testcase name="addition_isCorrect" classname="com.example.glidefirebase.ExampleUnitTest" time="0.003"/>
  <system-out><![CDATA[]]></system-out>
  <system-err><![CDATA[]]></system-err>
</testsuite>
